  openpose_python.cpp
C:\Users\Josh Camarena\Documents\GitHub\openpose\include\openpose/flags.hpp(49): warning C4245: 'initializing': conversion from 'int' to 'google::uint64', signed/unsigned mismatch
C:\Users\Josh Camarena\Documents\GitHub\openpose\python\openpose\openpose_python.cpp(30): warning C4267: 'initializing': conversion from 'size_t' to 'int', possible loss of data
C:\Users\Josh Camarena\Documents\GitHub\openpose\python\openpose\openpose_python.cpp(289): warning C4100: 'imp': unreferenced formal parameter
C:\Users\Josh Camarena\Documents\GitHub\openpose\python\openpose\openpose_python.cpp(311): warning C4100: 'defval': unreferenced formal parameter
C:\Users\Josh Camarena\Documents\GitHub\openpose\python\openpose\openpose_python.cpp(343): warning C4244: 'initializing': conversion from 'pybind11::ssize_t' to 'int', possible loss of data
C:\Users\Josh Camarena\Documents\GitHub\openpose\python\openpose\openpose_python.cpp(380): warning C4100: 'defval': unreferenced formal parameter
C:\Program Files (x86)\Microsoft Visual Studio 14.0\VC\include\xmemory0(737): warning C4244: 'initializing': conversion from '__int64' to 'int', possible loss of data
  C:\Program Files (x86)\Microsoft Visual Studio 14.0\VC\include\xmemory0(857): note: see reference to function template instantiation 'void std::allocator<_Ty>::construct<_Objty,__int64&>(_Objty *,__int64 &)' being compiled
          with
          [
              _Ty=int,
              _Objty=int
          ]
  C:\Program Files (x86)\Microsoft Visual Studio 14.0\VC\include\xmemory0(857): note: see reference to function template instantiation 'void std::allocator<_Ty>::construct<_Objty,__int64&>(_Objty *,__int64 &)' being compiled
          with
          [
              _Ty=int,
              _Objty=int
          ]
  C:\Program Files (x86)\Microsoft Visual Studio 14.0\VC\include\xmemory0(996): note: see reference to function template instantiation 'void std::allocator_traits<_Alloc>::construct<_Ty,__int64&>(std::allocator<_Ty> &,_Objty *,__int64 &)' being compiled
          with
          [
              _Alloc=std::allocator<int>,
              _Ty=int,
              _Objty=int
          ]
  C:\Program Files (x86)\Microsoft Visual Studio 14.0\VC\include\xmemory0(995): note: see reference to function template instantiation 'void std::allocator_traits<_Alloc>::construct<_Ty,__int64&>(std::allocator<_Ty> &,_Objty *,__int64 &)' being compiled
          with
          [
              _Alloc=std::allocator<int>,
              _Ty=int,
              _Objty=int
          ]
  C:\Program Files (x86)\Microsoft Visual Studio 14.0\VC\include\xmemory(225): note: see reference to function template instantiation 'void std::_Wrap_alloc<std::allocator<_Ty>>::construct<_Ty,__int64&>(_Ty *,__int64 &)' being compiled
          with
          [
              _Ty=int
          ]
  C:\Program Files (x86)\Microsoft Visual Studio 14.0\VC\include\xmemory(225): note: see reference to function template instantiation 'void std::_Wrap_alloc<std::allocator<_Ty>>::construct<_Ty,__int64&>(_Ty *,__int64 &)' being compiled
          with
          [
              _Ty=int
          ]
  C:\Program Files (x86)\Microsoft Visual Studio 14.0\VC\include\xmemory(251): note: see reference to function template instantiation '_FwdIt *std::_Uninitialized_copy_al_unchecked1<_InIt,_FwdIt,std::allocator<_Ty>>(_InIt,_InIt,_FwdIt,std::_Wrap_alloc<std::allocator<_Ty>> &,std::_General_ptr_iterator_tag,std::_Any_tag)' being compiled
          with
          [
              _FwdIt=int *,
              _InIt=__int64 *,
              _Ty=int
          ]
  C:\Program Files (x86)\Microsoft Visual Studio 14.0\VC\include\xmemory(264): note: see reference to function template instantiation '_FwdIt *std::_Uninitialized_copy_al_unchecked<__int64*,_Iter,std::allocator<_Ty>>(_InIt,_InIt,_FwdIt,std::_Wrap_alloc<std::allocator<_Ty>> &)' being compiled
          with
          [
              _FwdIt=int *,
              _Iter=int *,
              _Ty=int,
              _InIt=__int64 *
          ]
  C:\Program Files (x86)\Microsoft Visual Studio 14.0\VC\include\vector(1653): note: see reference to function template instantiation '_FwdIt *std::_Uninitialized_copy<_Iter,int*,std::allocator<_Ty>>(_InIt,_InIt,_FwdIt,std::_Wrap_alloc<std::allocator<_Ty>> &)' being compiled
          with
          [
              _FwdIt=int *,
              _Iter=std::_Vector_iterator<std::_Vector_val<std::_Simple_types<__int64>>>,
              _Ty=int,
              _InIt=std::_Vector_iterator<std::_Vector_val<std::_Simple_types<__int64>>>
          ]
  C:\Program Files (x86)\Microsoft Visual Studio 14.0\VC\include\vector(818): note: see reference to function template instantiation 'int *std::vector<int,std::allocator<_Ty>>::_Ucopy<_Iter>(_Iter,_Iter,int *)' being compiled
          with
          [
              _Ty=int,
              _Iter=std::_Vector_iterator<std::_Vector_val<std::_Simple_types<__int64>>>
          ]
  C:\Program Files (x86)\Microsoft Visual Studio 14.0\VC\include\vector(818): note: see reference to function template instantiation 'int *std::vector<int,std::allocator<_Ty>>::_Ucopy<_Iter>(_Iter,_Iter,int *)' being compiled
          with
          [
              _Ty=int,
              _Iter=std::_Vector_iterator<std::_Vector_val<std::_Simple_types<__int64>>>
          ]
  C:\Program Files (x86)\Microsoft Visual Studio 14.0\VC\include\vector(793): note: see reference to function template instantiation 'void std::vector<int,std::allocator<_Ty>>::_Construct<_Iter>(_Iter,_Iter,std::forward_iterator_tag)' being compiled
          with
          [
              _Ty=int,
              _Iter=std::_Vector_iterator<std::_Vector_val<std::_Simple_types<__int64>>>
          ]
  C:\Program Files (x86)\Microsoft Visual Studio 14.0\VC\include\vector(793): note: see reference to function template instantiation 'void std::vector<int,std::allocator<_Ty>>::_Construct<_Iter>(_Iter,_Iter,std::forward_iterator_tag)' being compiled
          with
          [
              _Ty=int,
              _Iter=std::_Vector_iterator<std::_Vector_val<std::_Simple_types<__int64>>>
          ]
  C:\Program Files (x86)\Microsoft Visual Studio 14.0\VC\include\vector(778): note: see reference to function template instantiation 'void std::vector<int,std::allocator<_Ty>>::_Construct<_Iter>(_Iter,_Iter)' being compiled
          with
          [
              _Ty=int,
              _Iter=std::_Vector_iterator<std::_Vector_val<std::_Simple_types<__int64>>>
          ]
  C:\Program Files (x86)\Microsoft Visual Studio 14.0\VC\include\vector(778): note: see reference to function template instantiation 'void std::vector<int,std::allocator<_Ty>>::_Construct<_Iter>(_Iter,_Iter)' being compiled
          with
          [
              _Ty=int,
              _Iter=std::_Vector_iterator<std::_Vector_val<std::_Simple_types<__int64>>>
          ]
  C:\Users\Josh Camarena\Documents\GitHub\openpose\python\openpose\openpose_python.cpp(299): note: see reference to function template instantiation 'std::vector<int,std::allocator<_Ty>>::vector<std::_Vector_iterator<std::_Vector_val<std::_Simple_types<__int64>>>,void>(_Iter,_Iter)' being compiled
          with
          [
              _Ty=int,
              _Iter=std::_Vector_iterator<std::_Vector_val<std::_Simple_types<__int64>>>
          ]
  C:\Users\Josh Camarena\Documents\GitHub\openpose\python\openpose\openpose_python.cpp(299): note: see reference to function template instantiation 'std::vector<int,std::allocator<_Ty>>::vector<std::_Vector_iterator<std::_Vector_val<std::_Simple_types<__int64>>>,void>(_Iter,_Iter)' being compiled
          with
          [
              _Ty=int,
              _Iter=std::_Vector_iterator<std::_Vector_val<std::_Simple_types<__int64>>>
          ]
  C:\Users\Josh Camarena\Documents\GitHub\openpose\python\openpose\openpose_python.cpp(286): note: see reference to class template instantiation 'pybind11::detail::descr<13>' being compiled
  c:\users\josh camarena\documents\github\openpose\3rdparty\pybind11\include\pybind11\cast.h(1556): note: see reference to class template instantiation 'pybind11::detail::descr<8>' being compiled
  c:\users\josh camarena\documents\github\openpose\3rdparty\pybind11\include\pybind11\cast.h(1554): note: see reference to class template instantiation 'pybind11::detail::descr<5>' being compiled
  c:\users\josh camarena\documents\github\openpose\3rdparty\pybind11\include\pybind11\cast.h(1109): note: see reference to class template instantiation 'pybind11::detail::descr<7>' being compiled
     Creating library C:/Users/Josh Camarena/Documents/GitHub/openpose/build/python/openpose/Release/pyopenpose.lib and object C:/Users/Josh Camarena/Documents/GitHub/openpose/build/python/openpose/Release/pyopenpose.exp
  Generating code
  Finished generating code
  pyopenpose.vcxproj -> C:\Users\Josh Camarena\Documents\GitHub\openpose\build\python\openpose\Release\pyopenpose.cp36-win_amd64.pyd
